\BOOKMARK [1][]{section.0.1}{\376\377\0001\000\040\121\150\126\375\232\330\116\055\145\160\133\146\200\124\215\133}{}% 1
\BOOKMARK [1][]{section.0.2}{\376\377\0002\000\040\116\055\126\375\145\160\133\146\131\145\147\227\123\071\121\113}{}% 2
\BOOKMARK [1][]{section.0.3}{\376\377\0003\000\040\123\027\145\271\136\014\147\033\116\113\146\037\145\160\133\146\131\017\116\344\204\045}{}% 3
\BOOKMARK [1][]{section.0.4}{\376\377\0004\000\040\116\055\126\375\126\375\133\266\226\306\213\255\226\037\220\011\142\324}{}% 4
\BOOKMARK [1][]{section.0.5}{\376\377\0005\000\040\116\055\126\375\131\163\133\120\145\160\133\146\131\145\147\227\123\071\121\113}{}% 5
\BOOKMARK [1][]{section.0.6}{\376\377\0006\000\040\211\177\220\350\145\160\133\146\220\200\213\367\215\133}{}% 6
\BOOKMARK [1][]{section.0.7}{\376\377\0007\000\040\116\055\126\375\116\034\123\127\127\060\123\072\145\160\133\146\131\145\147\227\123\071\121\113}{}% 7
\BOOKMARK [1][]{section.0.8}{\376\377\0008\000\040\226\110\167\001\216\253\147\157\121\150\126\375\232\330\116\055\145\160\133\146\131\145\147\227\123\071\121\113}{}% 8
\BOOKMARK [1][]{section.0.9}{\376\377\0009\000\040\136\014\147\033\200\124\166\337\131\017\116\344\204\045}{}% 9
\BOOKMARK [1][]{section.0.10}{\376\377\0001\0000\000\040\145\260\146\037\145\160\133\146\131\145\147\227\123\071\121\113}{}% 10
\BOOKMARK [1][]{section.0.11}{\376\377\0001\0001\000\040\133\146\200\014\140\035\145\160\133\146\172\336\215\133\200\124\200\003}{}% 11
\BOOKMARK [1][]{section.0.12}{\376\377\0001\0002\000\040\127\037\200\063\121\166\145\160\133\146\131\145\147\227\123\071\121\113\173\054\116\214\217\156}{}% 12
\BOOKMARK [1][]{section.0.13}{\376\377\0001\0003\000\040\214\034\116\113\172\336\215\133}{}% 13
\BOOKMARK [1][]{section.0.14}{\376\377\0001\0004\000\040\117\335\122\240\122\051\116\232\145\160\133\146\131\145\147\227\123\071\121\113}{}% 14
\BOOKMARK [1][]{section.0.15}{\376\377\0001\0005\000\040\227\351\126\375\145\160\133\146\131\145\147\227\123\071\121\113\121\263\215\133}{}% 15
\BOOKMARK [1][]{section.0.16}{\376\377\0001\0006\000\040\126\375\226\105\145\160\133\146\131\145\147\227\123\071\121\113\230\204\220\011\230\230\116\343\145\160}{}% 16
\BOOKMARK [1][]{section.0.17}{\376\377\0001\0007\000\040\126\375\226\105\145\160\133\146\131\145\147\227\123\071\121\113\230\204\220\011\230\230\176\304\124\010}{}% 17
\BOOKMARK [1][]{section.0.18}{\376\377\0001\0008\000\040\153\047\155\062\131\163\133\120\145\160\133\146\131\145\147\227\123\071\121\113}{}% 18
\BOOKMARK [1][]{section.0.19}{\376\377\0001\0009\000\040\126\375\226\105\131\047\220\375\136\002\145\160\133\146\131\145\147\227\123\071\121\113}{}% 19
\BOOKMARK [1][]{section.0.20}{\376\377\0002\0000\000\040\143\167\121\113\154\342\121\160\145\257\155\033\117\020\121\113\145\160\133\146\172\336\215\133}{}% 20
\BOOKMARK [1][]{section.0.21}{\376\377\0002\0001\000\040\177\216\126\375\145\160\133\146\131\145\147\227\123\071\121\113}{}% 21
\BOOKMARK [1][]{section.0.22}{\376\377\0002\0002\000\040\177\216\126\375\000T\000S\000T\000S\000T}{}% 22
\BOOKMARK [1][]{section.0.23}{\376\377\0002\0003\000\040\123\027\131\047\131\017\116\344\204\045}{}% 23
\BOOKMARK [1][]{section.0.24}{\376\377\0002\0004\000\040\123\027\131\047\221\321\171\313\204\045}{}% 24
